<?xml version="1.0" encoding="UTF-8"?>
<testng-results ignored="0" total="2" passed="2" failed="0" skipped="0">
  <reporter-output>
  </reporter-output>
  <suite started-at="2026-06-13T12:13:24 IST" name="Default suite" finished-at="2026-06-13T12:13:43 IST" duration-ms="19242">
    <groups>
    </groups>
    <test started-at="2026-06-13T12:13:24 IST" name="Default test" finished-at="2026-06-13T12:13:43 IST" duration-ms="19242">
      <class name="testcases.LoginTest">
        <test-method is-config="true" signature="setup()[pri:0, instance:testcases.LoginTest@dcfda20]" started-at="2026-06-13T12:13:24 IST" name="setup" finished-at="2026-06-13T12:13:29 IST" duration-ms="5032" status="PASS">
          <reporter-output>
          </reporter-output>
        </test-method> <!-- setup -->
        <test-method signature="invalidLoginTest()[pri:1, instance:testcases.LoginTest@dcfda20]" started-at="2026-06-13T12:13:29 IST" name="invalidLoginTest" finished-at="2026-06-13T12:13:30 IST" duration-ms="1018" status="PASS">
          <reporter-output>
          </reporter-output>
        </test-method> <!-- invalidLoginTest -->
        <test-method is-config="true" signature="tearDown()[pri:0, instance:testcases.LoginTest@dcfda20]" started-at="2026-06-13T12:13:30 IST" name="tearDown" finished-at="2026-06-13T12:13:32 IST" duration-ms="2147" status="PASS">
          <reporter-output>
          </reporter-output>
        </test-method> <!-- tearDown -->
        <test-method is-config="true" signature="setup()[pri:0, instance:testcases.LoginTest@dcfda20]" started-at="2026-06-13T12:13:32 IST" name="setup" finished-at="2026-06-13T12:13:36 IST" duration-ms="3568" status="PASS">
          <reporter-output>
          </reporter-output>
        </test-method> <!-- setup -->
        <test-method signature="emptyLoginTest()[pri:2, instance:testcases.LoginTest@dcfda20]" started-at="2026-06-13T12:13:36 IST" name="emptyLoginTest" finished-at="2026-06-13T12:13:41 IST" duration-ms="5253" status="PASS">
          <reporter-output>
          </reporter-output>
        </test-method> <!-- emptyLoginTest -->
        <test-method is-config="true" signature="tearDown()[pri:0, instance:testcases.LoginTest@dcfda20]" started-at="2026-06-13T12:13:41 IST" name="tearDown" finished-at="2026-06-13T12:13:43 IST" duration-ms="2176" status="PASS">
          <reporter-output>
          </reporter-output>
        </test-method> <!-- tearDown -->
      </class> <!-- testcases.LoginTest -->
    </test> <!-- Default test -->
  </suite> <!-- Default suite -->
</testng-results>
